<?xml version="1.0" encoding="UTF-8"?>
<robot generator="Robot 4.1.1 (Python 3.9.7 on win32)" generated="20220115 21:38:41.324" rpa="false" schemaversion="2">
<suite id="s1" name="Dbtesting" source="C:\Users\anil\PycharmProjects\APIAutomation1\TestCases\dbtesting.robot">
<kw name="Connect To Database" library="DatabaseLibrary" type="SETUP">
<arg>pymysql</arg>
<arg>${DBName}</arg>
<arg>${DBUser}</arg>
<arg>${DBPass}</arg>
<arg>${DBHost}</arg>
<arg>${DBPort}</arg>
<doc>Loads the DB API 2.0 module given `dbapiModuleName` then uses it to
connect to the database using `dbName`, `dbUsername`, and `dbPassword`.</doc>
<msg timestamp="20220115 21:38:41.511" level="INFO">Connecting using : pymysql.connect(db=user, user=Anil, passwd=X2x@passed, host=127.0.0.1, port=3306, charset=None) </msg>
<status status="PASS" starttime="20220115 21:38:41.424" endtime="20220115 21:38:41.518"/>
</kw>
<test id="s1-t1" name="Insert data into person table">
<kw name="Execute Sql String" library="DatabaseLibrary">
<var>${output}</var>
<arg>Select * from person;</arg>
<doc>Executes the sqlString as SQL commands. Useful to pass arguments to your sql. Set optional input `sansTran` to
True to run command without an explicit transaction commit or rollback.</doc>
<msg timestamp="20220115 21:38:41.520" level="INFO">Executing : Execute SQL String  |  Select * from person; </msg>
<msg timestamp="20220115 21:38:41.521" level="INFO">${output} = None</msg>
<status status="PASS" starttime="20220115 21:38:41.519" endtime="20220115 21:38:41.521"/>
</kw>
<kw name="Log To Console" library="BuiltIn">
<arg>${output}</arg>
<doc>Logs the given message to the console.</doc>
<status status="PASS" starttime="20220115 21:38:41.522" endtime="20220115 21:38:41.522"/>
</kw>
<kw name="Should Be Equal As Strings" library="BuiltIn">
<arg>${output}</arg>
<arg>None</arg>
<doc>Fails if objects are unequal after converting them to strings.</doc>
<msg timestamp="20220115 21:38:41.524" level="INFO">Argument types are:
&lt;class 'NoneType'&gt;
&lt;type 'unicode'&gt;</msg>
<status status="PASS" starttime="20220115 21:38:41.524" endtime="20220115 21:38:41.524"/>
</kw>
<status status="PASS" starttime="20220115 21:38:41.518" endtime="20220115 21:38:41.525"/>
</test>
<status status="PASS" starttime="20220115 21:38:41.326" endtime="20220115 21:38:41.526"/>
</suite>
<statistics>
<total>
<stat pass="1" fail="0" skip="0">All Tests</stat>
</total>
<tag>
</tag>
<suite>
<stat pass="1" fail="0" skip="0" id="s1" name="Dbtesting">Dbtesting</stat>
</suite>
</statistics>
<errors>
</errors>
</robot>
